test target/wasm32-wasi/debug/std_env_args.wasm ... 
  deno ... [91mFAILED[0m
  node ... [91mFAILED[0m
  wasmer ... [91mFAILED[0m
  wasmtime ... [91mFAILED[0m
  ssvmr ... [91mFAILED[0m
  ssvm ... [91mFAILED[0m
test target/wasm32-wasi/debug/std_env_args_none.wasm ... 
  deno ... [92mok[0m
  node ... [92mok[0m
  wasmer ... [92mok[0m
  wasmtime ... [92mok[0m
  ssvmr ... [92mok[0m
  ssvm ... [91mFAILED[0m
test target/wasm32-wasi/debug/std_env_args_some.wasm ... 
  deno ... [92mok[0m
  node ... [92mok[0m
  wasmer ... [92mok[0m
  wasmtime ... [92mok[0m
  ssvmr ... [92mok[0m
  ssvm ... [91mFAILED[0m
test target/wasm32-wasi/debug/std_env_vars.wasm ... 
  deno ... [92mok[0m
  node ... [92mok[0m
  wasmer ... [92mok[0m
  wasmtime ... [92mok[0m
  ssvmr ... [92mok[0m
  ssvm ... [91mFAILED[0m
test target/wasm32-wasi/debug/std_env_vars_none.wasm ... 
  deno ... [92mok[0m
  node ... [92mok[0m
  wasmer ... [92mok[0m
  wasmtime ... [92mok[0m
  ssvmr ... [92mok[0m
  ssvm ... [91mFAILED[0m
test target/wasm32-wasi/debug/std_env_vars_some.wasm ... 
  deno ... [92mok[0m
  node ... [92mok[0m
  wasmer ... [92mok[0m
  wasmtime ... [92mok[0m
  ssvmr ... [92mok[0m
  ssvm ... [91mFAILED[0m
test target/wasm32-wasi/debug/std_fs_create_dir.wasm ... 
  deno ... [91mFAILED[0m
  node ... [91mFAILED[0m
  wasmer ... [91mFAILED[0m
  wasmtime ... [91mFAILED[0m
  ssvmr ... [91mFAILED[0m
  ssvm ... [91mFAILED[0m
test target/wasm32-wasi/debug/std_fs_create_dir_absolute.wasm ... 
  deno ... [92mok[0m
  node ... [92mok[0m
  wasmer ... [92mok[0m
  wasmtime ... [92mok[0m
  ssvmr ... [92mok[0m
  ssvm ... [91mFAILED[0m
test target/wasm32-wasi/debug/std_fs_create_dir_relative.wasm ... 
  deno ... [92mok[0m
  node ... [92mok[0m
  wasmer ... [92mok[0m
  wasmtime ... [92mok[0m
  ssvmr ... [92mok[0m
  ssvm ... [91mFAILED[0m
test target/wasm32-wasi/debug/std_fs_file_create.wasm ... 
  deno ... [91mFAILED[0m
  node ... [91mFAILED[0m
  wasmer ... [91mFAILED[0m
  wasmtime ... [91mFAILED[0m
  ssvmr ... [91mFAILED[0m
  ssvm ... [91mFAILED[0m
test target/wasm32-wasi/debug/std_fs_file_create_absolute.wasm ... 
  deno ... [92mok[0m
  node ... [92mok[0m
  wasmer ... [92mok[0m
  wasmtime ... [92mok[0m
  ssvmr ... [92mok[0m
  ssvm ... [91mFAILED[0m
test target/wasm32-wasi/debug/std_fs_file_create_relative.wasm ... 
  deno ... [92mok[0m
  node ... [92mok[0m
  wasmer ... [92mok[0m
  wasmtime ... [92mok[0m
  ssvmr ... [92mok[0m
  ssvm ... [91mFAILED[0m
test target/wasm32-wasi/debug/std_fs_file_metadata.wasm ... 
  deno ... [91mFAILED[0m
  node ... [91mFAILED[0m
  wasmer ... [91mFAILED[0m
  wasmtime ... [91mFAILED[0m
  ssvmr ... [91mFAILED[0m
  ssvm ... [91mFAILED[0m
test target/wasm32-wasi/debug/std_fs_file_metadata_absolute.wasm ... 
  deno ... [92mok[0m
  node ... [91mFAILED[0m
  wasmer ... [92mok[0m
  wasmtime ... [91mFAILED[0m
  ssvmr ... [91mFAILED[0m
  ssvm ... [91mFAILED[0m
test target/wasm32-wasi/debug/std_fs_file_metadata_relative.wasm ... 
  deno ... [92mok[0m
  node ... [91mFAILED[0m
  wasmer ... [92mok[0m
  wasmtime ... [91mFAILED[0m
  ssvmr ... [91mFAILED[0m
  ssvm ... [91mFAILED[0m
test target/wasm32-wasi/debug/std_fs_file_seek.wasm ... 
  deno ... [91mFAILED[0m
  node ... [91mFAILED[0m
  wasmer ... [91mFAILED[0m
  wasmtime ... [91mFAILED[0m
  ssvmr ... [91mFAILED[0m
  ssvm ... [91mFAILED[0m
test target/wasm32-wasi/debug/std_fs_file_seek_absolute.wasm ... 
  deno ... [92mok[0m
  node ... [92mok[0m
  wasmer ... [92mok[0m
  wasmtime ... [92mok[0m
  ssvmr ... [92mok[0m
  ssvm ... [91mFAILED[0m
test target/wasm32-wasi/debug/std_fs_file_seek_relative.wasm ... 
  deno ... [92mok[0m
  node ... [92mok[0m
  wasmer ... [92mok[0m
  wasmtime ... [92mok[0m
  ssvmr ... [92mok[0m
  ssvm ... [91mFAILED[0m
test target/wasm32-wasi/debug/std_fs_file_set_len.wasm ... 
  deno ... [91mFAILED[0m
  node ... [91mFAILED[0m
  wasmer ... [91mFAILED[0m
  wasmtime ... [91mFAILED[0m
  ssvmr ... [91mFAILED[0m
  ssvm ... [91mFAILED[0m
test target/wasm32-wasi/debug/std_fs_file_set_len_absolute.wasm ... 
  deno ... [92mok[0m
  node ... [91mFAILED[0m
  wasmer ... [92mok[0m
  wasmtime ... [91mFAILED[0m
  ssvmr ... [91mFAILED[0m
  ssvm ... [91mFAILED[0m
test target/wasm32-wasi/debug/std_fs_file_set_len_relative.wasm ... 
  deno ... [92mok[0m
  node ... [91mFAILED[0m
  wasmer ... [92mok[0m
  wasmtime ... [91mFAILED[0m
  ssvmr ... [91mFAILED[0m
  ssvm ... [91mFAILED[0m
test target/wasm32-wasi/debug/std_fs_file_sync_all.wasm ... 
  deno ... [91mFAILED[0m
  node ... [91mFAILED[0m
  wasmer ... [91mFAILED[0m
  wasmtime ... [91mFAILED[0m
  ssvmr ... [91mFAILED[0m
  ssvm ... [91mFAILED[0m
test target/wasm32-wasi/debug/std_fs_file_sync_all_absolute.wasm ... 
  deno ... [92mok[0m
  node ... [92mok[0m
  wasmer ... [92mok[0m
  wasmtime ... [92mok[0m
  ssvmr ... [91mFAILED[0m
  ssvm ... [91mFAILED[0m
test target/wasm32-wasi/debug/std_fs_file_sync_all_relative.wasm ... 
  deno ... [92mok[0m
  node ... [92mok[0m
  wasmer ... [92mok[0m
  wasmtime ... [92mok[0m
  ssvmr ... [91mFAILED[0m
  ssvm ... [91mFAILED[0m
test target/wasm32-wasi/debug/std_fs_file_sync_data.wasm ... 
  deno ... [91mFAILED[0m
  node ... [91mFAILED[0m
  wasmer ... [91mFAILED[0m
  wasmtime ... [91mFAILED[0m
  ssvmr ... [91mFAILED[0m
  ssvm ... [91mFAILED[0m
test target/wasm32-wasi/debug/std_fs_file_sync_data_absolute.wasm ... 
  deno ... [92mok[0m
  node ... [92mok[0m
  wasmer ... [91mFAILED[0m
  wasmtime ... [92mok[0m
  ssvmr ... [92mok[0m
  ssvm ... [91mFAILED[0m
test target/wasm32-wasi/debug/std_fs_file_sync_data_relative.wasm ... 
  deno ... [92mok[0m
  node ... [92mok[0m
  wasmer ... [91mFAILED[0m
  wasmtime ... [92mok[0m
  ssvmr ... [92mok[0m
  ssvm ... [91mFAILED[0m
test target/wasm32-wasi/debug/std_fs_hard_link.wasm ... 
  deno ... [91mFAILED[0m
  node ... [91mFAILED[0m
  wasmer ... [91mFAILED[0m
  wasmtime ... [91mFAILED[0m
  ssvmr ... [91mFAILED[0m
  ssvm ... [91mFAILED[0m
test target/wasm32-wasi/debug/std_fs_hard_link_absolute.wasm ... 
  deno ... [92mok[0m
  node ... [92mok[0m
  wasmer ... [92mok[0m
  wasmtime ... [92mok[0m
  ssvmr ... [92mok[0m
  ssvm ... [91mFAILED[0m
test target/wasm32-wasi/debug/std_fs_hard_link_relative.wasm ... 
  deno ... [92mok[0m
  node ... [92mok[0m
  wasmer ... [92mok[0m
  wasmtime ... [92mok[0m
  ssvmr ... [92mok[0m
  ssvm ... [91mFAILED[0m
test target/wasm32-wasi/debug/std_fs_metadata.wasm ... 
  deno ... [91mFAILED[0m
  node ... [91mFAILED[0m
  wasmer ... [91mFAILED[0m
  wasmtime ... [91mFAILED[0m
  ssvmr ... [91mFAILED[0m
  ssvm ... [91mFAILED[0m
test target/wasm32-wasi/debug/std_fs_metadata_absolute.wasm ... 
  deno ... [92mok[0m
  node ... [91mFAILED[0m
  wasmer ... [91mFAILED[0m
  wasmtime ... [92mok[0m
  ssvmr ... [91mFAILED[0m
  ssvm ... [91mFAILED[0m
test target/wasm32-wasi/debug/std_fs_metadata_relative.wasm ... 
  deno ... [92mok[0m
  node ... [91mFAILED[0m
  wasmer ... [91mFAILED[0m
  wasmtime ... [92mok[0m
  ssvmr ... [91mFAILED[0m
  ssvm ... [91mFAILED[0m
test target/wasm32-wasi/debug/std_fs_read.wasm ... 
  deno ... [91mFAILED[0m
  node ... [91mFAILED[0m
  wasmer ... [91mFAILED[0m
  wasmtime ... [91mFAILED[0m
  ssvmr ... [91mFAILED[0m
  ssvm ... [91mFAILED[0m
test target/wasm32-wasi/debug/std_fs_read_absolute.wasm ... 
  deno ... [92mok[0m
  node ... [91mFAILED[0m
  wasmer ... [92mok[0m
  wasmtime ... [92mok[0m
  ssvmr ... [92mok[0m
  ssvm ... [91mFAILED[0m
test target/wasm32-wasi/debug/std_fs_read_dir.wasm ... 
  deno ... [91mFAILED[0m
  node ... [91mFAILED[0m
  wasmer ... [91mFAILED[0m
  wasmtime ... [91mFAILED[0m
  ssvmr ... [91mFAILED[0m
  ssvm ... [91mFAILED[0m
test target/wasm32-wasi/debug/std_fs_read_dir_absolute.wasm ... 
  deno ... [92mok[0m
  node ... [92mok[0m
  wasmer ... [92mok[0m
  wasmtime ... [92mok[0m
  ssvmr ... [92mok[0m
  ssvm ... [91mFAILED[0m
test target/wasm32-wasi/debug/std_fs_read_dir_relative.wasm ... 
  deno ... [92mok[0m
  node ... [92mok[0m
  wasmer ... [92mok[0m
  wasmtime ... [92mok[0m
  ssvmr ... [92mok[0m
  ssvm ... [91mFAILED[0m
test target/wasm32-wasi/debug/std_fs_read_relative.wasm ... 
  deno ... [92mok[0m
  node ... [91mFAILED[0m
  wasmer ... [92mok[0m
  wasmtime ... [92mok[0m
  ssvmr ... [92mok[0m
  ssvm ... [91mFAILED[0m
test target/wasm32-wasi/debug/std_fs_remove_dir_all.wasm ... 
  deno ... [92mok[0m
  node ... [91mFAILED[0m
  wasmer ... [91mFAILED[0m
  wasmtime ... [92mok[0m
  ssvmr ... [92mok[0m
  ssvm ... [91mFAILED[0m
test target/wasm32-wasi/debug/std_fs_remove_dir_all_absolute.wasm ... 
  deno ... [92mok[0m
  node ... [91mFAILED[0m
  wasmer ... [91mFAILED[0m
  wasmtime ... [92mok[0m
  ssvmr ... [92mok[0m
  ssvm ... [91mFAILED[0m
test target/wasm32-wasi/debug/std_fs_remove_dir_all_relative.wasm ... 
  deno ... [92mok[0m
  node ... [91mFAILED[0m
  wasmer ... [91mFAILED[0m
  wasmtime ... [92mok[0m
  ssvmr ... [92mok[0m
  ssvm ... [91mFAILED[0m
test target/wasm32-wasi/debug/std_fs_rename.wasm ... 
  deno ... [91mFAILED[0m
  node ... [91mFAILED[0m
  wasmer ... [91mFAILED[0m
  wasmtime ... [91mFAILED[0m
  ssvmr ... [91mFAILED[0m
  ssvm ... [91mFAILED[0m
test target/wasm32-wasi/debug/std_fs_rename_absolute.wasm ... 
  deno ... [92mok[0m
  node ... [92mok[0m
  wasmer ... [92mok[0m
  wasmtime ... [92mok[0m
  ssvmr ... [92mok[0m
  ssvm ... [91mFAILED[0m
test target/wasm32-wasi/debug/std_fs_rename_relative.wasm ... 
  deno ... [92mok[0m
  node ... [92mok[0m
  wasmer ... [92mok[0m
  wasmtime ... [92mok[0m
  ssvmr ... [92mok[0m
  ssvm ... [91mFAILED[0m
test target/wasm32-wasi/debug/std_fs_symlink_metadata.wasm ... 
  deno ... [91mFAILED[0m
  node ... [91mFAILED[0m
  wasmer ... [91mFAILED[0m
  wasmtime ... [91mFAILED[0m
  ssvmr ... [91mFAILED[0m
  ssvm ... [91mFAILED[0m
test target/wasm32-wasi/debug/std_fs_symlink_metadata_absolute.wasm ... 
  deno ... [92mok[0m
  node ... [91mFAILED[0m
  wasmer ... [92mok[0m
  wasmtime ... [92mok[0m
  ssvmr ... [92mok[0m
  ssvm ... [91mFAILED[0m
test target/wasm32-wasi/debug/std_fs_symlink_metadata_relative.wasm ... 
  deno ... [92mok[0m
  node ... [91mFAILED[0m
  wasmer ... [92mok[0m
  wasmtime ... [92mok[0m
  ssvmr ... [92mok[0m
  ssvm ... [91mFAILED[0m
test target/wasm32-wasi/debug/std_fs_write.wasm ... 
  deno ... [91mFAILED[0m
  node ... [91mFAILED[0m
  wasmer ... [91mFAILED[0m
  wasmtime ... [91mFAILED[0m
  ssvmr ... [91mFAILED[0m
  ssvm ... [91mFAILED[0m
test target/wasm32-wasi/debug/std_fs_write_absolute.wasm ... 
  deno ... [92mok[0m
  node ... [92mok[0m
  wasmer ... [92mok[0m
  wasmtime ... [92mok[0m
  ssvmr ... [92mok[0m
  ssvm ... [91mFAILED[0m
test target/wasm32-wasi/debug/std_fs_write_relative.wasm ... 
  deno ... [92mok[0m
  node ... [92mok[0m
  wasmer ... [92mok[0m
  wasmtime ... [92mok[0m
  ssvmr ... [92mok[0m
  ssvm ... [91mFAILED[0m
test target/wasm32-wasi/debug/std_io_stderr.wasm ... 
  deno ... [92mok[0m
  node ... [92mok[0m
  wasmer ... [92mok[0m
  wasmtime ... [92mok[0m
  ssvmr ... [92mok[0m
  ssvm ... [91mFAILED[0m
test target/wasm32-wasi/debug/std_io_stdin.wasm ... 
  deno ... [92mok[0m
  node ... [92mok[0m
  wasmer ... [92mok[0m
  wasmtime ... [92mok[0m
  ssvmr ... [92mok[0m
  ssvm ... [91mFAILED[0m
test target/wasm32-wasi/debug/std_io_stdout.wasm ... 
  deno ... [92mok[0m
  node ... [92mok[0m
  wasmer ... [92mok[0m
  wasmtime ... [92mok[0m
  ssvmr ... [92mok[0m
  ssvm ... [91mFAILED[0m
test target/wasm32-wasi/debug/std_process_exit.wasm ... 
  deno ... [92mok[0m
  node ... [92mok[0m
  wasmer ... [92mok[0m
  wasmtime ... [92mok[0m
  ssvmr ... [92mok[0m
  ssvm ... [91mFAILED[0m
test target/wasm32-wasi/debug/wasi_clock_res_get.wasm ... 
  deno ... [92mok[0m
  node ... [92mok[0m
  wasmer ... [92mok[0m
  wasmtime ... [92mok[0m
  ssvmr ... [92mok[0m
  ssvm ... [91mFAILED[0m
test target/wasm32-wasi/debug/wasi_clock_res_get_monotonic.wasm ... 
  deno ... [92mok[0m
  node ... [92mok[0m
  wasmer ... [92mok[0m
  wasmtime ... [92mok[0m
  ssvmr ... [92mok[0m
  ssvm ... [91mFAILED[0m
test target/wasm32-wasi/debug/wasi_clock_res_get_process.wasm ... 
  deno ... [92mok[0m
  node ... [92mok[0m
  wasmer ... [92mok[0m
  wasmtime ... [92mok[0m
  ssvmr ... [92mok[0m
  ssvm ... [91mFAILED[0m
test target/wasm32-wasi/debug/wasi_clock_res_get_realtime.wasm ... 
  deno ... [92mok[0m
  node ... [92mok[0m
  wasmer ... [92mok[0m
  wasmtime ... [92mok[0m
  ssvmr ... [92mok[0m
  ssvm ... [91mFAILED[0m
test target/wasm32-wasi/debug/wasi_clock_res_get_thread.wasm ... 
  deno ... [92mok[0m
  node ... [92mok[0m
  wasmer ... [92mok[0m
  wasmtime ... [92mok[0m
  ssvmr ... [92mok[0m
  ssvm ... [91mFAILED[0m
test target/wasm32-wasi/debug/wasi_clock_time_get.wasm ... 
  deno ... [91mFAILED[0m
  node ... [92mok[0m
  wasmer ... [92mok[0m
  wasmtime ... [92mok[0m
  ssvmr ... [92mok[0m
  ssvm ... [91mFAILED[0m
test target/wasm32-wasi/debug/wasi_clock_time_get_monotonic.wasm ... 
  deno ... [92mok[0m
  node ... [92mok[0m
  wasmer ... [92mok[0m
  wasmtime ... [92mok[0m
  ssvmr ... [92mok[0m
  ssvm ... [91mFAILED[0m
test target/wasm32-wasi/debug/wasi_clock_time_get_process.wasm ... 
  deno ... [92mok[0m
  node ... [91mFAILED[0m
  wasmer ... [91mFAILED[0m
  wasmtime ... [91mFAILED[0m
  ssvmr ... [91mFAILED[0m
  ssvm ... [91mFAILED[0m
test target/wasm32-wasi/debug/wasi_clock_time_get_realtime.wasm ... 
  deno ... [91mFAILED[0m
  node ... [92mok[0m
  wasmer ... [92mok[0m
  wasmtime ... [92mok[0m
  ssvmr ... [92mok[0m
  ssvm ... [91mFAILED[0m
test target/wasm32-wasi/debug/wasi_clock_time_get_thread.wasm ... 
  deno ... [92mok[0m
  node ... [92mok[0m
  wasmer ... [92mok[0m
  wasmtime ... [92mok[0m
  ssvmr ... [92mok[0m
  ssvm ... [91mFAILED[0m
test target/wasm32-wasi/debug/wasi_fd_fdstat_get.wasm ... 
  deno ... [91mFAILED[0m
  node ... [91mFAILED[0m
  wasmer ... [91mFAILED[0m
  wasmtime ... [91mFAILED[0m
  ssvmr ... [91mFAILED[0m
  ssvm ... [91mFAILED[0m
test target/wasm32-wasi/debug/wasi_fd_renumber.wasm ... 
  deno ... [92mok[0m
  node ... [92mok[0m
  wasmer ... [91mFAILED[0m
  wasmtime ... [92mok[0m
  ssvmr ... [91mFAILED[0m
  ssvm ... [91mFAILED[0m
test target/wasm32-wasi/debug/wasi_fd_tell_file.wasm ... 
  deno ... [91mFAILED[0m
  node ... [92mok[0m
  wasmer ... [91mFAILED[0m
  wasmtime ... [92mok[0m
  ssvmr ... [92mok[0m
  ssvm ... [91mFAILED[0m
test target/wasm32-wasi/debug/wasi_fd_write_file.wasm ... 
  deno ... [92mok[0m
  node ... [92mok[0m
  wasmer ... [91mFAILED[0m
  wasmtime ... [92mok[0m
  ssvmr ... [92mok[0m
  ssvm ... [91mFAILED[0m
test target/wasm32-wasi/debug/wasi_fd_write_stderr.wasm ... 
  deno ... [92mok[0m
  node ... [92mok[0m
  wasmer ... [92mok[0m
  wasmtime ... [92mok[0m
  ssvmr ... [92mok[0m
  ssvm ... [91mFAILED[0m
test target/wasm32-wasi/debug/wasi_fd_write_stdout.wasm ... 
  deno ... [92mok[0m
  node ... [92mok[0m
  wasmer ... [92mok[0m
  wasmtime ... [92mok[0m
  ssvmr ... [92mok[0m
  ssvm ... [91mFAILED[0m
test target/wasm32-wasi/debug/wasi_proc_exit.wasm ... 
  deno ... [92mok[0m
  node ... [92mok[0m
  wasmer ... [92mok[0m
  wasmtime ... [92mok[0m
  ssvmr ... [92mok[0m
  ssvm ... [91mFAILED[0m
test target/wasm32-wasi/debug/wasi_proc_exit_one.wasm ... 
  deno ... [92mok[0m
  node ... [92mok[0m
  wasmer ... [92mok[0m
  wasmtime ... [92mok[0m
  ssvmr ... [92mok[0m
  ssvm ... [91mFAILED[0m
test target/wasm32-wasi/debug/wasi_proc_exit_zero.wasm ... 
  deno ... [92mok[0m
  node ... [92mok[0m
  wasmer ... [92mok[0m
  wasmtime ... [92mok[0m
  ssvmr ... [92mok[0m
  ssvm ... [91mFAILED[0m
test target/wasm32-wasi/debug/wasi_random_get.wasm ... 
  deno ... [92mok[0m
  node ... [92mok[0m
  wasmer ... [92mok[0m
  wasmtime ... [92mok[0m
  ssvmr ... [92mok[0m
  ssvm ... [91mFAILED[0m
test target/wasm32-wasi/debug/wasi_sched_yield.wasm ... 
  deno ... [92mok[0m
  node ... [92mok[0m
  wasmer ... [92mok[0m
  wasmtime ... [92mok[0m
  ssvmr ... [92mok[0m
  ssvm ... [91mFAILED[0m
